<?xml version="1.0" encoding="UTF-8"?>
<!-- Generated by org.testng.reporters.JUnitReportReporter -->
<testsuite skipped="0" hostname="Ashishs-MacBook-Pro.local" name="TestCases.ecommerce" tests="1" failures="0" timestamp="27 Jul 2017 13:44:19 GMT" time="21.836" errors="0">
  <testcase name="ecommerceCase" time="21.836" classname="TestCases.ecommerce"/>
</testsuite> <!-- TestCases.ecommerce -->
